生成启动时间为 2017/10/16 18:50:24。
     1>项目“D:\projct\VideoStableLL\VideoStableLL\VideoStableLL.vcxproj”在节点 2 上(Build 个目标)。
     1>CustomBuild:
         Moc'ing MeshFlow.h...
       ClCompile:
         C:\Program Files (x86)\Microsoft Visual Studio 12.0\VC\bin\x86_amd64\CL.exe /c /I.\GeneratedFiles /I. /IC:\Qt\Qt5.3.0\5.3\msvc2013_64_opengl\include /I.\GeneratedFiles\Release /IC:\Qt\Qt5.3.0\5.3\msvc2013_64_opengl\include\QtCore /IC:\Qt\Qt5.3.0\5.3\msvc2013_64_opengl\include\QtGui /IC:\Qt\Qt5.3.0\5.3\msvc2013_64_opengl\include\QtOpenGL /IC:\Qt\Qt5.3.0\5.3\msvc2013_64_opengl\include\QtWidgets /nologo /W1 /WX- /O2 /D UNICODE /D WIN32 /D WIN64 /D QT_DLL /D QT_NO_DEBUG /D NDEBUG /D QT_CORE_LIB /D QT_GUI_LIB /D QT_OPENGL_LIB /D QT_WIDGETS_LIB /Gm- /EHsc /MTd /GS /Zc:wchar_t /Zc:forScope /Fo"x64\Release\\" /Fd"x64\Release\vc120.pdb" /Gd /TP /errorReport:prompt Feature.cpp GeneratedFiles\Release\moc_MeshFlow.cpp GeneratedFiles\Release\moc_videostablell.cpp main.cpp Mesh.cpp MeshFlow.cpp videostablell.cpp
         Feature.cpp
         moc_MeshFlow.cpp
         moc_videostablell.cpp
         main.cpp
         Mesh.cpp
         MeshFlow.cpp
         videostablell.cpp
         正在生成代码...
         C:\Program Files (x86)\Microsoft Visual Studio 12.0\VC\bin\x86_amd64\CL.exe /c /I.\GeneratedFiles /I. /IC:\Qt\Qt5.3.0\5.3\msvc2013_64_opengl\include /I.\GeneratedFiles\Release /IC:\Qt\Qt5.3.0\5.3\msvc2013_64_opengl\include\QtCore /IC:\Qt\Qt5.3.0\5.3\msvc2013_64_opengl\include\QtGui /IC:\Qt\Qt5.3.0\5.3\msvc2013_64_opengl\include\QtOpenGL /IC:\Qt\Qt5.3.0\5.3\msvc2013_64_opengl\include\QtWidgets /nologo /W1 /WX- /O2 /D UNICODE /D WIN32 /D WIN64 /D QT_DLL /D QT_NO_DEBUG /D NDEBUG /D QT_CORE_LIB /D QT_GUI_LIB /D QT_OPENGL_LIB /D QT_WIDGETS_LIB /Gm- /EHsc /MTd /GS /Zc:wchar_t /Zc:forScope /Fo"x64\Release\\" /Fd"x64\Release\vc120.pdb" /Gd /TP /errorReport:prompt GeneratedFiles\qrc_videostablell.cpp
         qrc_videostablell.cpp
       Link:
         C:\Program Files (x86)\Microsoft Visual Studio 12.0\VC\bin\x86_amd64\link.exe /ERRORREPORT:PROMPT /OUT:"D:\projct\VideoStableLL\x64\Release\\VideoStableLL.exe" /NOLOGO /LIBPATH:C:\Qt\Qt5.3.0\5.3\msvc2013_64_opengl\lib qtmain.lib Qt5Core.lib Qt5Gui.lib Qt5OpenGL.lib opengl32.lib glu32.lib Qt5Widgets.lib opencv_objdetect249.lib opencv_ts249.lib opencv_video249.lib opencv_nonfree249.lib opencv_ocl249.lib opencv_photo249.lib opencv_stitching249.lib opencv_superres249.lib opencv_videostab249.lib opencv_calib3d249.lib opencv_contrib249.lib opencv_core249.lib opencv_features2d249.lib opencv_flann249.lib opencv_gpu249.lib opencv_highgui249.lib opencv_imgproc249.lib opencv_legacy249.lib opencv_ml249.lib kernel32.lib user32.lib gdi32.lib winspool.lib comdlg32.lib advapi32.lib shell32.lib ole32.lib oleaut32.lib uuid.lib odbc32.lib odbccp32.lib /MANIFEST /MANIFESTUAC:"level='asInvoker' uiAccess='false'" /manifest:embed /PDB:"D:\projct\VideoStableLL\x64\Release\VideoStableLL.pdb" /SUBSYSTEM:WINDOWS /TLBID:1 /DYNAMICBASE /NXCOMPAT /IMPLIB:"D:\projct\VideoStableLL\x64\Release\VideoStableLL.lib" /MACHINE:X64 x64\Release\Feature.obj
         x64\Release\qrc_videostablell.obj
         x64\Release\moc_MeshFlow.obj
         x64\Release\moc_videostablell.obj
         x64\Release\main.obj
         x64\Release\Mesh.obj
         x64\Release\MeshFlow.obj
         x64\Release\videostablell.obj
     1>qtmain.lib(qtmain_win.obj) : error LNK2038: 检测到“_ITERATOR_DEBUG_LEVEL”的不匹配项:  值“0”不匹配值“2”(Feature.obj 中)
     1>qtmain.lib(qtmain_win.obj) : error LNK2038: 检测到“RuntimeLibrary”的不匹配项:  值“MD_DynamicRelease”不匹配值“MTd_StaticDebug”(Feature.obj 中)
     1>msvcrt.lib(ti_inst.obj) : error LNK2005: "private: __cdecl type_info::type_info(class type_info const &)" (??0type_info@@AEAA@AEBV0@@Z) 已经在 LIBCMTD.lib(typinfo.obj) 中定义
     1>msvcrt.lib(ti_inst.obj) : error LNK2005: "private: class type_info & __cdecl type_info::operator=(class type_info const &)" (??4type_info@@AEAAAEAV0@AEBV0@@Z) 已经在 LIBCMTD.lib(typinfo.obj) 中定义
     1>msvcrt.lib(MSVCR120.dll) : error LNK2005: memmove 已经在 LIBCMTD.lib(memcpy.obj) 中定义
     1>msvcrt.lib(MSVCR120.dll) : error LNK2005: _hypot 已经在 LIBCMTD.lib(hypot.obj) 中定义
     1>msvcprt.lib(MSVCP120.dll) : error LNK2005: "void __cdecl std::_Xbad_alloc(void)" (?_Xbad_alloc@std@@YAXXZ) 已经在 libcpmtd.lib(xthrow.obj) 中定义
     1>msvcprt.lib(MSVCP120.dll) : error LNK2005: "void __cdecl std::_Xlength_error(char const *)" (?_Xlength_error@std@@YAXPEBD@Z) 已经在 libcpmtd.lib(xthrow.obj) 中定义
     1>msvcprt.lib(MSVCP120.dll) : error LNK2005: "void __cdecl std::_Xout_of_range(char const *)" (?_Xout_of_range@std@@YAXPEBD@Z) 已经在 libcpmtd.lib(xthrow.obj) 中定义
     1>msvcprt.lib(MSVCP120.dll) : error LNK2005: "char const * __cdecl std::_Syserror_map(int)" (?_Syserror_map@std@@YAPEBDH@Z) 已经在 libcpmtd.lib(syserror.obj) 中定义
     1>msvcprt.lib(MSVCP120.dll) : error LNK2005: "char const * __cdecl std::_Winerror_map(int)" (?_Winerror_map@std@@YAPEBDH@Z) 已经在 libcpmtd.lib(syserror.obj) 中定义
     1>LIBCMTD.lib(crt0init.obj) : warning LNK4098: 默认库“msvcrt.lib”与其他库的使用冲突；请使用 /NODEFAULTLIB:library
     1>D:\projct\VideoStableLL\x64\Release\\VideoStableLL.exe : fatal error LNK1169: 找到一个或多个多重定义的符号
     1>已完成生成项目“D:\projct\VideoStableLL\VideoStableLL\VideoStableLL.vcxproj”(Build 个目标)的操作 - 失败。

生成失败。

已用时间 00:00:22.99
