d:\projct\videostablell\videostablell\x64\debug\vc120.pdb
d:\projct\videostablell\videostablell\x64\debug\videostablell.obj
d:\projct\videostablell\videostablell\x64\debug\meshflow.obj
d:\projct\videostablell\videostablell\x64\debug\mesh.obj
d:\projct\videostablell\videostablell\x64\debug\main.obj
d:\projct\videostablell\videostablell\x64\debug\moc_videostablell.obj
d:\projct\videostablell\videostablell\x64\debug\moc_meshflow.obj
d:\projct\videostablell\videostablell\x64\debug\feature.obj
d:\projct\videostablell\videostablell\x64\debug\qrc_videostablell.obj
d:\projct\videostablell\videostablell\generatedfiles\debug\moc_videostablell.cpp
d:\projct\videostablell\videostablell\generatedfiles\ui_videostablell.h
d:\projct\videostablell\videostablell\generatedfiles\debug\moc_meshflow.cpp
d:\projct\videostablell\videostablell\generatedfiles\qrc_videostablell.cpp
d:\projct\videostablell\x64\debug\videostablell.ilk
d:\projct\videostablell\x64\debug\videostablell.exe
d:\projct\videostablell\x64\debug\videostablell.pdb
d:\projct\videostablell\videostablell\x64\debug\videostablell.tlog\cl.command.1.tlog
d:\projct\videostablell\videostablell\x64\debug\videostablell.tlog\cl.read.1.tlog
d:\projct\videostablell\videostablell\x64\debug\videostablell.tlog\cl.write.1.tlog
d:\projct\videostablell\videostablell\x64\debug\videostablell.tlog\custombuild.command.1.tlog
d:\projct\videostablell\videostablell\x64\debug\videostablell.tlog\custombuild.read.1.tlog
d:\projct\videostablell\videostablell\x64\debug\videostablell.tlog\custombuild.write.1.tlog
d:\projct\videostablell\videostablell\x64\debug\videostablell.tlog\link.command.1.tlog
d:\projct\videostablell\videostablell\x64\debug\videostablell.tlog\link.read.1.tlog
d:\projct\videostablell\videostablell\x64\debug\videostablell.tlog\link.write.1.tlog
