f:\videostablell\videostablell\x64\release\vc120.pdb
f:\videostablell\videostablell\x64\release\qrc_videostablell.obj
f:\videostablell\videostablell\x64\release\videostablell.obj
f:\videostablell\videostablell\x64\release\meshflow.obj
f:\videostablell\videostablell\x64\release\mesh.obj
f:\videostablell\videostablell\x64\release\main.obj
f:\videostablell\videostablell\x64\release\moc_videostablell.obj
f:\videostablell\videostablell\x64\release\moc_meshflow.obj
f:\videostablell\videostablell\generatedfiles\release\moc_videostablell.cpp
f:\videostablell\videostablell\generatedfiles\release\moc_meshflow.cpp
f:\videostablell\videostablell\generatedfiles\qrc_videostablell.cpp
f:\videostablell\videostablell\generatedfiles\ui_videostablell.h
f:\videostablell\x64\release\videostablell.ilk
f:\videostablell\x64\release\videostablell.exe
f:\videostablell\x64\release\videostablell.pdb
f:\videostablell\videostablell\x64\release\videostablell.tlog\cl.command.1.tlog
f:\videostablell\videostablell\x64\release\videostablell.tlog\cl.read.1.tlog
f:\videostablell\videostablell\x64\release\videostablell.tlog\cl.write.1.tlog
f:\videostablell\videostablell\x64\release\videostablell.tlog\custombuild.command.1.tlog
f:\videostablell\videostablell\x64\release\videostablell.tlog\custombuild.read.1.tlog
f:\videostablell\videostablell\x64\release\videostablell.tlog\custombuild.write.1.tlog
f:\videostablell\videostablell\x64\release\videostablell.tlog\link.command.1.tlog
f:\videostablell\videostablell\x64\release\videostablell.tlog\link.read.1.tlog
f:\videostablell\videostablell\x64\release\videostablell.tlog\link.write.1.tlog
